The system is: Darwin - 14.0.0 - x86_64
Compiling the C compiler identification source file "CMakeCCompilerId.c" succeeded.
Compiler:  
Build flags: 
Id flags: 

The output was:
0
2015-01-09 19:37:40.620 xcodebuild[29059:2041278] [MT] PluginLoading: Required plug-in compatibility UUID C4A681B0-4A26-480E-93EC-1218098B9AA0 for plug-in at path '~/Library/Application Support/Developer/Shared/Xcode/Plug-ins/ClangFormat.xcplugin' not present in DVTPlugInCompatibilityUUIDs
2015-01-09 19:37:40.626 xcodebuild[29059:2041278] [MT] PluginLoading: Required plug-in compatibility UUID C4A681B0-4A26-480E-93EC-1218098B9AA0 for plug-in at path '~/Library/Application Support/Developer/Shared/Xcode/Plug-ins/Alcatraz.xcplugin' not present in DVTPlugInCompatibilityUUIDs
=== BUILD TARGET CompilerIdC OF PROJECT CompilerIdC WITH THE DEFAULT CONFIGURATION (Debug) ===

Check dependencies

Write auxiliary files
/bin/mkdir -p /Users/ope/Desktop/lynx/proj/osx-xcode/CMakeFiles/3.0.2/CompilerIdC/CompilerIdC.build/Debug/CompilerIdC.build
write-file /Users/ope/Desktop/lynx/proj/osx-xcode/CMakeFiles/3.0.2/CompilerIdC/CompilerIdC.build/Debug/CompilerIdC.build/CompilerIdC-generated-files.hmap
write-file /Users/ope/Desktop/lynx/proj/osx-xcode/CMakeFiles/3.0.2/CompilerIdC/CompilerIdC.build/Debug/CompilerIdC.build/CompilerIdC-all-non-framework-target-headers.hmap
/bin/mkdir -p /Users/ope/Desktop/lynx/proj/osx-xcode/CMakeFiles/3.0.2/CompilerIdC/CompilerIdC.build/Debug/CompilerIdC.build/Objects-normal/i386
write-file /Users/ope/Desktop/lynx/proj/osx-xcode/CMakeFiles/3.0.2/CompilerIdC/CompilerIdC.build/Debug/CompilerIdC.build/Objects-normal/i386/CompilerIdC.LinkFileList
write-file /Users/ope/Desktop/lynx/proj/osx-xcode/CMakeFiles/3.0.2/CompilerIdC/CompilerIdC.build/Debug/CompilerIdC.build/CompilerIdC-own-target-headers.hmap
write-file /Users/ope/Desktop/lynx/proj/osx-xcode/CMakeFiles/3.0.2/CompilerIdC/CompilerIdC.build/Debug/CompilerIdC.build/CompilerIdC-all-target-headers.hmap
write-file /Users/ope/Desktop/lynx/proj/osx-xcode/CMakeFiles/3.0.2/CompilerIdC/CompilerIdC.build/Debug/CompilerIdC.build/CompilerIdC-project-headers.hmap
write-file /Users/ope/Desktop/lynx/proj/osx-xcode/CMakeFiles/3.0.2/CompilerIdC/CompilerIdC.build/Debug/CompilerIdC.build/Script-2C8FEB8E15DC1A1A00E56A5D.sh
chmod 0755 /Users/ope/Desktop/lynx/proj/osx-xcode/CMakeFiles/3.0.2/CompilerIdC/CompilerIdC.build/Debug/CompilerIdC.build/Script-2C8FEB8E15DC1A1A00E56A5D.sh
write-file /Users/ope/Desktop/lynx/proj/osx-xcode/CMakeFiles/3.0.2/CompilerIdC/CompilerIdC.build/Debug/CompilerIdC.build/CompilerIdC.hmap

CompileC CompilerIdC.build/Debug/CompilerIdC.build/Objects-normal/i386/CMakeCCompilerId.o CMakeCCompilerId.c normal i386 c com.apple.compilers.llvm.clang.1_0.compiler
    cd /Users/ope/Desktop/lynx/proj/osx-xcode/CMakeFiles/3.0.2/CompilerIdC
    export LANG=en_US.US-ASCII
    /Applications/Xcode.app/Contents/Developer/Toolchains/XcodeDefault.xctoolchain/usr/bin/clang -x c -arch i386 -fmessage-length=0 -fdiagnostics-show-note-include-stack -fmacro-backtrace-limit=0 -Wno-trigraphs -fpascal-strings -Os -Wno-missing-field-initializers -Wno-missing-prototypes -Wno-return-type -Wno-missing-braces -Wparentheses -Wswitch -Wno-unused-function -Wno-unused-label -Wno-unused-parameter -Wno-unused-variable -Wunused-value -Wno-empty-body -Wno-uninitialized -Wno-unknown-pragmas -Wno-shadow -Wno-four-char-constants -Wno-conversion -Wno-constant-conversion -Wno-int-conversion -Wno-bool-conversion -Wno-enum-conversion -Wno-shorten-64-to-32 -Wpointer-sign -Wno-newline-eof -isysroot /Applications/Xcode.app/Contents/Developer/Platforms/MacOSX.platform/Developer/SDKs/MacOSX10.10.sdk -fasm-blocks -fstrict-aliasing -Wdeprecated-declarations -mmacosx-version-min=10.10 -g -fvisibility=hidden -Wno-sign-conversion -I/Users/ope/Desktop/lynx/proj/osx-xcode/CMakeFiles/3.0.2/CompilerIdC/CompilerIdC.build/Debug/CompilerIdC.build/CompilerIdC.hmap -I/Users/ope/Desktop/lynx/proj/osx-xcode/CMakeFiles/3.0.2/CompilerIdC/include -I/Applications/Xcode.app/Contents/Developer/Toolchains/XcodeDefault.xctoolchain/usr/include -I/Users/ope/Desktop/lynx/proj/osx-xcode/CMakeFiles/3.0.2/CompilerIdC/CompilerIdC.build/Debug/CompilerIdC.build/DerivedSources/i386 -I/Users/ope/Desktop/lynx/proj/osx-xcode/CMakeFiles/3.0.2/CompilerIdC/CompilerIdC.build/Debug/CompilerIdC.build/DerivedSources -F/Users/ope/Desktop/lynx/proj/osx-xcode/CMakeFiles/3.0.2/CompilerIdC -MMD -MT dependencies -MF /Users/ope/Desktop/lynx/proj/osx-xcode/CMakeFiles/3.0.2/CompilerIdC/CompilerIdC.build/Debug/CompilerIdC.build/Objects-normal/i386/CMakeCCompilerId.d --serialize-diagnostics /Users/ope/Desktop/lynx/proj/osx-xcode/CMakeFiles/3.0.2/CompilerIdC/CompilerIdC.build/Debug/CompilerIdC.build/Objects-normal/i386/CMakeCCompilerId.dia -c /Users/ope/Desktop/lynx/proj/osx-xcode/CMakeFiles/3.0.2/CompilerIdC/CMakeCCompilerId.c -o /Users/ope/Desktop/lynx/proj/osx-xcode/CMakeFiles/3.0.2/CompilerIdC/CompilerIdC.build/Debug/CompilerIdC.build/Objects-normal/i386/CMakeCCompilerId.o

Ld CompilerIdC normal i386
    cd /Users/ope/Desktop/lynx/proj/osx-xcode/CMakeFiles/3.0.2/CompilerIdC
    export MACOSX_DEPLOYMENT_TARGET=10.10
    /Applications/Xcode.app/Contents/Developer/Toolchains/XcodeDefault.xctoolchain/usr/bin/clang -arch i386 -isysroot /Applications/Xcode.app/Contents/Developer/Platforms/MacOSX.platform/Developer/SDKs/MacOSX10.10.sdk -L/Users/ope/Desktop/lynx/proj/osx-xcode/CMakeFiles/3.0.2/CompilerIdC -F/Users/ope/Desktop/lynx/proj/osx-xcode/CMakeFiles/3.0.2/CompilerIdC -filelist /Users/ope/Desktop/lynx/proj/osx-xcode/CMakeFiles/3.0.2/CompilerIdC/CompilerIdC.build/Debug/CompilerIdC.build/Objects-normal/i386/CompilerIdC.LinkFileList -mmacosx-version-min=10.10 -Xlinker -dependency_info -Xlinker /Users/ope/Desktop/lynx/proj/osx-xcode/CMakeFiles/3.0.2/CompilerIdC/CompilerIdC.build/Debug/CompilerIdC.build/Objects-normal/i386/CompilerIdC_dependency_info.dat -o /Users/ope/Desktop/lynx/proj/osx-xcode/CMakeFiles/3.0.2/CompilerIdC/CompilerIdC

PhaseScriptExecution Run\ Script CompilerIdC.build/Debug/CompilerIdC.build/Script-2C8FEB8E15DC1A1A00E56A5D.sh
    cd /Users/ope/Desktop/lynx/proj/osx-xcode/CMakeFiles/3.0.2/CompilerIdC
    /bin/sh -c /Users/ope/Desktop/lynx/proj/osx-xcode/CMakeFiles/3.0.2/CompilerIdC/CompilerIdC.build/Debug/CompilerIdC.build/Script-2C8FEB8E15DC1A1A00E56A5D.sh
GCC_VERSION=com.apple.compilers.llvm.clang.1_0

** BUILD SUCCEEDED **



Compilation of the C compiler identification source "CMakeCCompilerId.c" produced "CompilerIdC"

The C compiler identification is AppleClang, found in "/Users/ope/Desktop/lynx/proj/osx-xcode/CMakeFiles/3.0.2/CompilerIdC/CompilerIdC"

Compiling the CXX compiler identification source file "CMakeCXXCompilerId.cpp" succeeded.
Compiler:  
Build flags: 
Id flags: 

The output was:
0
2015-01-09 19:37:47.386 xcodebuild[29070:2041484] [MT] PluginLoading: Required plug-in compatibility UUID C4A681B0-4A26-480E-93EC-1218098B9AA0 for plug-in at path '~/Library/Application Support/Developer/Shared/Xcode/Plug-ins/ClangFormat.xcplugin' not present in DVTPlugInCompatibilityUUIDs
2015-01-09 19:37:47.389 xcodebuild[29070:2041484] [MT] PluginLoading: Required plug-in compatibility UUID C4A681B0-4A26-480E-93EC-1218098B9AA0 for plug-in at path '~/Library/Application Support/Developer/Shared/Xcode/Plug-ins/Alcatraz.xcplugin' not present in DVTPlugInCompatibilityUUIDs
=== BUILD TARGET CompilerIdCXX OF PROJECT CompilerIdCXX WITH THE DEFAULT CONFIGURATION (Debug) ===

Check dependencies

Write auxiliary files
/bin/mkdir -p /Users/ope/Desktop/lynx/proj/osx-xcode/CMakeFiles/3.0.2/CompilerIdCXX/CompilerIdCXX.build/Debug/CompilerIdCXX.build
write-file /Users/ope/Desktop/lynx/proj/osx-xcode/CMakeFiles/3.0.2/CompilerIdCXX/CompilerIdCXX.build/Debug/CompilerIdCXX.build/CompilerIdCXX-own-target-headers.hmap
write-file /Users/ope/Desktop/lynx/proj/osx-xcode/CMakeFiles/3.0.2/CompilerIdCXX/CompilerIdCXX.build/Debug/CompilerIdCXX.build/Script-2C8FEB8E15DC1A1A00E56A5D.sh
chmod 0755 /Users/ope/Desktop/lynx/proj/osx-xcode/CMakeFiles/3.0.2/CompilerIdCXX/CompilerIdCXX.build/Debug/CompilerIdCXX.build/Script-2C8FEB8E15DC1A1A00E56A5D.sh
write-file /Users/ope/Desktop/lynx/proj/osx-xcode/CMakeFiles/3.0.2/CompilerIdCXX/CompilerIdCXX.build/Debug/CompilerIdCXX.build/CompilerIdCXX.hmap
/bin/mkdir -p /Users/ope/Desktop/lynx/proj/osx-xcode/CMakeFiles/3.0.2/CompilerIdCXX/CompilerIdCXX.build/Debug/CompilerIdCXX.build/Objects-normal/i386
write-file /Users/ope/Desktop/lynx/proj/osx-xcode/CMakeFiles/3.0.2/CompilerIdCXX/CompilerIdCXX.build/Debug/CompilerIdCXX.build/Objects-normal/i386/CompilerIdCXX.LinkFileList
write-file /Users/ope/Desktop/lynx/proj/osx-xcode/CMakeFiles/3.0.2/CompilerIdCXX/CompilerIdCXX.build/Debug/CompilerIdCXX.build/CompilerIdCXX-all-non-framework-target-headers.hmap
write-file /Users/ope/Desktop/lynx/proj/osx-xcode/CMakeFiles/3.0.2/CompilerIdCXX/CompilerIdCXX.build/Debug/CompilerIdCXX.build/CompilerIdCXX-generated-files.hmap
write-file /Users/ope/Desktop/lynx/proj/osx-xcode/CMakeFiles/3.0.2/CompilerIdCXX/CompilerIdCXX.build/Debug/CompilerIdCXX.build/CompilerIdCXX-project-headers.hmap
write-file /Users/ope/Desktop/lynx/proj/osx-xcode/CMakeFiles/3.0.2/CompilerIdCXX/CompilerIdCXX.build/Debug/CompilerIdCXX.build/CompilerIdCXX-all-target-headers.hmap

CompileC CompilerIdCXX.build/Debug/CompilerIdCXX.build/Objects-normal/i386/CMakeCXXCompilerId.o CMakeCXXCompilerId.cpp normal i386 c++ com.apple.compilers.llvm.clang.1_0.compiler
    cd /Users/ope/Desktop/lynx/proj/osx-xcode/CMakeFiles/3.0.2/CompilerIdCXX
    export LANG=en_US.US-ASCII
    /Applications/Xcode.app/Contents/Developer/Toolchains/XcodeDefault.xctoolchain/usr/bin/clang -x c++ -arch i386 -fmessage-length=0 -fdiagnostics-show-note-include-stack -fmacro-backtrace-limit=0 -Wno-trigraphs -fpascal-strings -Os -Wno-missing-field-initializers -Wno-missing-prototypes -Wno-return-type -Wno-non-virtual-dtor -Wno-overloaded-virtual -Wno-exit-time-destructors -Wno-missing-braces -Wparentheses -Wswitch -Wno-unused-function -Wno-unused-label -Wno-unused-parameter -Wno-unused-variable -Wunused-value -Wno-empty-body -Wno-uninitialized -Wno-unknown-pragmas -Wno-shadow -Wno-four-char-constants -Wno-conversion -Wno-constant-conversion -Wno-int-conversion -Wno-bool-conversion -Wno-enum-conversion -Wno-shorten-64-to-32 -Wno-newline-eof -Wno-c++11-extensions -isysroot /Applications/Xcode.app/Contents/Developer/Platforms/MacOSX.platform/Developer/SDKs/MacOSX10.10.sdk -fasm-blocks -fstrict-aliasing -Wdeprecated-declarations -Winvalid-offsetof -mmacosx-version-min=10.10 -g -fvisibility=hidden -fvisibility-inlines-hidden -Wno-sign-conversion -I/Users/ope/Desktop/lynx/proj/osx-xcode/CMakeFiles/3.0.2/CompilerIdCXX/CompilerIdCXX.build/Debug/CompilerIdCXX.build/CompilerIdCXX.hmap -I/Users/ope/Desktop/lynx/proj/osx-xcode/CMakeFiles/3.0.2/CompilerIdCXX/include -I/Applications/Xcode.app/Contents/Developer/Toolchains/XcodeDefault.xctoolchain/usr/include -I/Users/ope/Desktop/lynx/proj/osx-xcode/CMakeFiles/3.0.2/CompilerIdCXX/CompilerIdCXX.build/Debug/CompilerIdCXX.build/DerivedSources/i386 -I/Users/ope/Desktop/lynx/proj/osx-xcode/CMakeFiles/3.0.2/CompilerIdCXX/CompilerIdCXX.build/Debug/CompilerIdCXX.build/DerivedSources -F/Users/ope/Desktop/lynx/proj/osx-xcode/CMakeFiles/3.0.2/CompilerIdCXX -MMD -MT dependencies -MF /Users/ope/Desktop/lynx/proj/osx-xcode/CMakeFiles/3.0.2/CompilerIdCXX/CompilerIdCXX.build/Debug/CompilerIdCXX.build/Objects-normal/i386/CMakeCXXCompilerId.d --serialize-diagnostics /Users/ope/Desktop/lynx/proj/osx-xcode/CMakeFiles/3.0.2/CompilerIdCXX/CompilerIdCXX.build/Debug/CompilerIdCXX.build/Objects-normal/i386/CMakeCXXCompilerId.dia -c /Users/ope/Desktop/lynx/proj/osx-xcode/CMakeFiles/3.0.2/CompilerIdCXX/CMakeCXXCompilerId.cpp -o /Users/ope/Desktop/lynx/proj/osx-xcode/CMakeFiles/3.0.2/CompilerIdCXX/CompilerIdCXX.build/Debug/CompilerIdCXX.build/Objects-normal/i386/CMakeCXXCompilerId.o

Ld CompilerIdCXX normal i386
    cd /Users/ope/Desktop/lynx/proj/osx-xcode/CMakeFiles/3.0.2/CompilerIdCXX
    export MACOSX_DEPLOYMENT_TARGET=10.10
    /Applications/Xcode.app/Contents/Developer/Toolchains/XcodeDefault.xctoolchain/usr/bin/clang++ -arch i386 -isysroot /Applications/Xcode.app/Contents/Developer/Platforms/MacOSX.platform/Developer/SDKs/MacOSX10.10.sdk -L/Users/ope/Desktop/lynx/proj/osx-xcode/CMakeFiles/3.0.2/CompilerIdCXX -F/Users/ope/Desktop/lynx/proj/osx-xcode/CMakeFiles/3.0.2/CompilerIdCXX -filelist /Users/ope/Desktop/lynx/proj/osx-xcode/CMakeFiles/3.0.2/CompilerIdCXX/CompilerIdCXX.build/Debug/CompilerIdCXX.build/Objects-normal/i386/CompilerIdCXX.LinkFileList -mmacosx-version-min=10.10 -Xlinker -dependency_info -Xlinker /Users/ope/Desktop/lynx/proj/osx-xcode/CMakeFiles/3.0.2/CompilerIdCXX/CompilerIdCXX.build/Debug/CompilerIdCXX.build/Objects-normal/i386/CompilerIdCXX_dependency_info.dat -o /Users/ope/Desktop/lynx/proj/osx-xcode/CMakeFiles/3.0.2/CompilerIdCXX/CompilerIdCXX

PhaseScriptExecution Run\ Script CompilerIdCXX.build/Debug/CompilerIdCXX.build/Script-2C8FEB8E15DC1A1A00E56A5D.sh
    cd /Users/ope/Desktop/lynx/proj/osx-xcode/CMakeFiles/3.0.2/CompilerIdCXX
    /bin/sh -c /Users/ope/Desktop/lynx/proj/osx-xcode/CMakeFiles/3.0.2/CompilerIdCXX/CompilerIdCXX.build/Debug/CompilerIdCXX.build/Script-2C8FEB8E15DC1A1A00E56A5D.sh
GCC_VERSION=com.apple.compilers.llvm.clang.1_0

** BUILD SUCCEEDED **



Compilation of the CXX compiler identification source "CMakeCXXCompilerId.cpp" produced "CompilerIdCXX"

The CXX compiler identification is AppleClang, found in "/Users/ope/Desktop/lynx/proj/osx-xcode/CMakeFiles/3.0.2/CompilerIdCXX/CompilerIdCXX"

Determining if the C compiler works passed with the following output:
Change Dir: /Users/ope/Desktop/lynx/proj/osx-xcode/CMakeFiles/CMakeTmp

Run Build Command:"/opt/local/bin/cmakexbuild" "-project" "CMAKE_TRY_COMPILE.xcodeproj" "build" "-target" "cmTryCompileExec2354557235" "-configuration" "Debug"
2015-01-09 19:37:49.487 xcodebuild[29087:2041529] [MT] PluginLoading: Required plug-in compatibility UUID C4A681B0-4A26-480E-93EC-1218098B9AA0 for plug-in at path '~/Library/Application Support/Developer/Shared/Xcode/Plug-ins/ClangFormat.xcplugin' not present in DVTPlugInCompatibilityUUIDs
2015-01-09 19:37:49.492 xcodebuild[29087:2041529] [MT] PluginLoading: Required plug-in compatibility UUID C4A681B0-4A26-480E-93EC-1218098B9AA0 for plug-in at path '~/Library/Application Support/Developer/Shared/Xcode/Plug-ins/Alcatraz.xcplugin' not present in DVTPlugInCompatibilityUUIDs
=== BUILD TARGET cmTryCompileExec2354557235 OF PROJECT CMAKE_TRY_COMPILE WITH CONFIGURATION Debug ===

Check dependencies

Write auxiliary files
/bin/mkdir -p /Users/ope/Desktop/lynx/proj/osx-xcode/CMakeFiles/CMakeTmp/CMAKE_TRY_COMPILE.build/Debug/cmTryCompileExec2354557235.build/Objects-normal/x86_64
write-file /Users/ope/Desktop/lynx/proj/osx-xcode/CMakeFiles/CMakeTmp/CMAKE_TRY_COMPILE.build/Debug/cmTryCompileExec2354557235.build/Objects-normal/x86_64/cmTryCompileExec2354557235.LinkFileList

CompileC CMAKE_TRY_COMPILE.build/Debug/cmTryCompileExec2354557235.build/Objects-normal/x86_64/testCCompiler.o testCCompiler.c normal x86_64 c com.apple.compilers.llvm.clang.1_0.compiler
    cd /Users/ope/Desktop/lynx/proj/osx-xcode/CMakeFiles/CMakeTmp
    export LANG=en_US.US-ASCII
    /Applications/Xcode.app/Contents/Developer/Toolchains/XcodeDefault.xctoolchain/usr/bin/clang -x c -arch x86_64 -fmessage-length=0 -fdiagnostics-show-note-include-stack -fmacro-backtrace-limit=0 -Wno-trigraphs -fpascal-strings -O0 -Wno-missing-field-initializers -Wno-missing-prototypes -Wno-return-type -Wno-missing-braces -Wparentheses -Wswitch -Wno-unused-function -Wno-unused-label -Wno-unused-parameter -Wno-unused-variable -Wunused-value -Wno-empty-body -Wno-uninitialized -Wno-unknown-pragmas -Wno-shadow -Wno-four-char-constants -Wno-conversion -Wno-constant-conversion -Wno-int-conversion -Wno-bool-conversion -Wno-enum-conversion -Wno-shorten-64-to-32 -Wpointer-sign -Wno-newline-eof -DCMAKE_INTDIR=\"Debug\" -isysroot /Applications/Xcode.app/Contents/Developer/Platforms/MacOSX.platform/Developer/SDKs/MacOSX10.10.sdk -fasm-blocks -fstrict-aliasing -Wdeprecated-declarations -mmacosx-version-min=10.10 -g -Wno-sign-conversion -I/Users/ope/Desktop/lynx/proj/osx-xcode/CMakeFiles/CMakeTmp/Debug/include -I/Applications/Xcode.app/Contents/Developer/Toolchains/XcodeDefault.xctoolchain/usr/include -I/Users/ope/Desktop/lynx/proj/osx-xcode/CMakeFiles/CMakeTmp/CMAKE_TRY_COMPILE.build/Debug/cmTryCompileExec2354557235.build/DerivedSources/x86_64 -I/Users/ope/Desktop/lynx/proj/osx-xcode/CMakeFiles/CMakeTmp/CMAKE_TRY_COMPILE.build/Debug/cmTryCompileExec2354557235.build/DerivedSources -Wmost -Wno-four-char-constants -Wno-unknown-pragmas -F/Users/ope/Desktop/lynx/proj/osx-xcode/CMakeFiles/CMakeTmp/Debug -MMD -MT dependencies -MF /Users/ope/Desktop/lynx/proj/osx-xcode/CMakeFiles/CMakeTmp/CMAKE_TRY_COMPILE.build/Debug/cmTryCompileExec2354557235.build/Objects-normal/x86_64/testCCompiler.d --serialize-diagnostics /Users/ope/Desktop/lynx/proj/osx-xcode/CMakeFiles/CMakeTmp/CMAKE_TRY_COMPILE.build/Debug/cmTryCompileExec2354557235.build/Objects-normal/x86_64/testCCompiler.dia -c /Users/ope/Desktop/lynx/proj/osx-xcode/CMakeFiles/CMakeTmp/testCCompiler.c -o /Users/ope/Desktop/lynx/proj/osx-xcode/CMakeFiles/CMakeTmp/CMAKE_TRY_COMPILE.build/Debug/cmTryCompileExec2354557235.build/Objects-normal/x86_64/testCCompiler.o

Ld Debug/cmTryCompileExec2354557235 normal x86_64
    cd /Users/ope/Desktop/lynx/proj/osx-xcode/CMakeFiles/CMakeTmp
    export MACOSX_DEPLOYMENT_TARGET=10.10
    /Applications/Xcode.app/Contents/Developer/Toolchains/XcodeDefault.xctoolchain/usr/bin/clang -arch x86_64 -isysroot /Applications/Xcode.app/Contents/Developer/Platforms/MacOSX.platform/Developer/SDKs/MacOSX10.10.sdk -L/Users/ope/Desktop/lynx/proj/osx-xcode/CMakeFiles/CMakeTmp/Debug -F/Users/ope/Desktop/lynx/proj/osx-xcode/CMakeFiles/CMakeTmp/Debug -filelist /Users/ope/Desktop/lynx/proj/osx-xcode/CMakeFiles/CMakeTmp/CMAKE_TRY_COMPILE.build/Debug/cmTryCompileExec2354557235.build/Objects-normal/x86_64/cmTryCompileExec2354557235.LinkFileList -mmacosx-version-min=10.10 -Wl,-search_paths_first -Wl,-headerpad_max_install_names -Xlinker -dependency_info -Xlinker /Users/ope/Desktop/lynx/proj/osx-xcode/CMakeFiles/CMakeTmp/CMAKE_TRY_COMPILE.build/Debug/cmTryCompileExec2354557235.build/Objects-normal/x86_64/cmTryCompileExec2354557235_dependency_info.dat -o /Users/ope/Desktop/lynx/proj/osx-xcode/CMakeFiles/CMakeTmp/Debug/cmTryCompileExec2354557235

** BUILD SUCCEEDED **



Detecting C compiler ABI info compiled with the following output:
Change Dir: /Users/ope/Desktop/lynx/proj/osx-xcode/CMakeFiles/CMakeTmp

Run Build Command:"/opt/local/bin/cmakexbuild" "-project" "CMAKE_TRY_COMPILE.xcodeproj" "build" "-target" "cmTryCompileExec42943381" "-configuration" "Debug"
2015-01-09 19:37:51.169 xcodebuild[29101:2041576] [MT] PluginLoading: Required plug-in compatibility UUID C4A681B0-4A26-480E-93EC-1218098B9AA0 for plug-in at path '~/Library/Application Support/Developer/Shared/Xcode/Plug-ins/ClangFormat.xcplugin' not present in DVTPlugInCompatibilityUUIDs
2015-01-09 19:37:51.172 xcodebuild[29101:2041576] [MT] PluginLoading: Required plug-in compatibility UUID C4A681B0-4A26-480E-93EC-1218098B9AA0 for plug-in at path '~/Library/Application Support/Developer/Shared/Xcode/Plug-ins/Alcatraz.xcplugin' not present in DVTPlugInCompatibilityUUIDs
=== BUILD TARGET cmTryCompileExec42943381 OF PROJECT CMAKE_TRY_COMPILE WITH CONFIGURATION Debug ===

Check dependencies

Write auxiliary files
/bin/mkdir -p /Users/ope/Desktop/lynx/proj/osx-xcode/CMakeFiles/CMakeTmp/CMAKE_TRY_COMPILE.build/Debug/cmTryCompileExec42943381.build/Objects-normal/x86_64
write-file /Users/ope/Desktop/lynx/proj/osx-xcode/CMakeFiles/CMakeTmp/CMAKE_TRY_COMPILE.build/Debug/cmTryCompileExec42943381.build/Objects-normal/x86_64/cmTryCompileExec42943381.LinkFileList

CompileC CMAKE_TRY_COMPILE.build/Debug/cmTryCompileExec42943381.build/Objects-normal/x86_64/CMakeCCompilerABI.o /opt/local/share/cmake-3.0/Modules/CMakeCCompilerABI.c normal x86_64 c com.apple.compilers.llvm.clang.1_0.compiler
    cd /Users/ope/Desktop/lynx/proj/osx-xcode/CMakeFiles/CMakeTmp
    export LANG=en_US.US-ASCII
    /Applications/Xcode.app/Contents/Developer/Toolchains/XcodeDefault.xctoolchain/usr/bin/clang -x c -arch x86_64 -fmessage-length=0 -fdiagnostics-show-note-include-stack -fmacro-backtrace-limit=0 -Wno-trigraphs -fpascal-strings -O0 -Wno-missing-field-initializers -Wno-missing-prototypes -Wno-return-type -Wno-missing-braces -Wparentheses -Wswitch -Wno-unused-function -Wno-unused-label -Wno-unused-parameter -Wno-unused-variable -Wunused-value -Wno-empty-body -Wno-uninitialized -Wno-unknown-pragmas -Wno-shadow -Wno-four-char-constants -Wno-conversion -Wno-constant-conversion -Wno-int-conversion -Wno-bool-conversion -Wno-enum-conversion -Wno-shorten-64-to-32 -Wpointer-sign -Wno-newline-eof -DCMAKE_INTDIR=\"Debug\" -isysroot /Applications/Xcode.app/Contents/Developer/Platforms/MacOSX.platform/Developer/SDKs/MacOSX10.10.sdk -fasm-blocks -fstrict-aliasing -Wdeprecated-declarations -mmacosx-version-min=10.10 -g -Wno-sign-conversion -I/Users/ope/Desktop/lynx/proj/osx-xcode/CMakeFiles/CMakeTmp/Debug/include -I/Applications/Xcode.app/Contents/Developer/Toolchains/XcodeDefault.xctoolchain/usr/include -I/Users/ope/Desktop/lynx/proj/osx-xcode/CMakeFiles/CMakeTmp/CMAKE_TRY_COMPILE.build/Debug/cmTryCompileExec42943381.build/DerivedSources/x86_64 -I/Users/ope/Desktop/lynx/proj/osx-xcode/CMakeFiles/CMakeTmp/CMAKE_TRY_COMPILE.build/Debug/cmTryCompileExec42943381.build/DerivedSources -Wmost -Wno-four-char-constants -Wno-unknown-pragmas -F/Users/ope/Desktop/lynx/proj/osx-xcode/CMakeFiles/CMakeTmp/Debug -MMD -MT dependencies -MF /Users/ope/Desktop/lynx/proj/osx-xcode/CMakeFiles/CMakeTmp/CMAKE_TRY_COMPILE.build/Debug/cmTryCompileExec42943381.build/Objects-normal/x86_64/CMakeCCompilerABI.d --serialize-diagnostics /Users/ope/Desktop/lynx/proj/osx-xcode/CMakeFiles/CMakeTmp/CMAKE_TRY_COMPILE.build/Debug/cmTryCompileExec42943381.build/Objects-normal/x86_64/CMakeCCompilerABI.dia -c /opt/local/share/cmake-3.0/Modules/CMakeCCompilerABI.c -o /Users/ope/Desktop/lynx/proj/osx-xcode/CMakeFiles/CMakeTmp/CMAKE_TRY_COMPILE.build/Debug/cmTryCompileExec42943381.build/Objects-normal/x86_64/CMakeCCompilerABI.o

Ld Debug/cmTryCompileExec42943381 normal x86_64
    cd /Users/ope/Desktop/lynx/proj/osx-xcode/CMakeFiles/CMakeTmp
    export MACOSX_DEPLOYMENT_TARGET=10.10
    /Applications/Xcode.app/Contents/Developer/Toolchains/XcodeDefault.xctoolchain/usr/bin/clang -arch x86_64 -isysroot /Applications/Xcode.app/Contents/Developer/Platforms/MacOSX.platform/Developer/SDKs/MacOSX10.10.sdk -L/Users/ope/Desktop/lynx/proj/osx-xcode/CMakeFiles/CMakeTmp/Debug -F/Users/ope/Desktop/lynx/proj/osx-xcode/CMakeFiles/CMakeTmp/Debug -filelist /Users/ope/Desktop/lynx/proj/osx-xcode/CMakeFiles/CMakeTmp/CMAKE_TRY_COMPILE.build/Debug/cmTryCompileExec42943381.build/Objects-normal/x86_64/cmTryCompileExec42943381.LinkFileList -mmacosx-version-min=10.10 -v -Wl,-v -Wl,-search_paths_first -Wl,-headerpad_max_install_names -Xlinker -dependency_info -Xlinker /Users/ope/Desktop/lynx/proj/osx-xcode/CMakeFiles/CMakeTmp/CMAKE_TRY_COMPILE.build/Debug/cmTryCompileExec42943381.build/Objects-normal/x86_64/cmTryCompileExec42943381_dependency_info.dat -o /Users/ope/Desktop/lynx/proj/osx-xcode/CMakeFiles/CMakeTmp/Debug/cmTryCompileExec42943381
Apple LLVM version 6.0 (clang-600.0.56) (based on LLVM 3.5svn)
Target: x86_64-apple-darwin14.0.0
Thread model: posix
 "/Applications/Xcode.app/Contents/Developer/Toolchains/XcodeDefault.xctoolchain/usr/bin/ld" -demangle -dynamic -arch x86_64 -macosx_version_min 10.10.0 -syslibroot /Applications/Xcode.app/Contents/Developer/Platforms/MacOSX.platform/Developer/SDKs/MacOSX10.10.sdk -o /Users/ope/Desktop/lynx/proj/osx-xcode/CMakeFiles/CMakeTmp/Debug/cmTryCompileExec42943381 -L/Users/ope/Desktop/lynx/proj/osx-xcode/CMakeFiles/CMakeTmp/Debug -filelist /Users/ope/Desktop/lynx/proj/osx-xcode/CMakeFiles/CMakeTmp/CMAKE_TRY_COMPILE.build/Debug/cmTryCompileExec42943381.build/Objects-normal/x86_64/cmTryCompileExec42943381.LinkFileList -v -search_paths_first -headerpad_max_install_names -dependency_info /Users/ope/Desktop/lynx/proj/osx-xcode/CMakeFiles/CMakeTmp/CMAKE_TRY_COMPILE.build/Debug/cmTryCompileExec42943381.build/Objects-normal/x86_64/cmTryCompileExec42943381_dependency_info.dat -lSystem /Applications/Xcode.app/Contents/Developer/Toolchains/XcodeDefault.xctoolchain/usr/bin/../lib/clang/6.0/lib/darwin/libclang_rt.osx.a -F/Users/ope/Desktop/lynx/proj/osx-xcode/CMakeFiles/CMakeTmp/Debug
@(#)PROGRAM:ld  PROJECT:ld64-241.9
configured to support archs: armv6 armv7 armv7s arm64 i386 x86_64 x86_64h armv6m armv7m armv7em
Library search paths:
	/Users/ope/Desktop/lynx/proj/osx-xcode/CMakeFiles/CMakeTmp/Debug
	/Applications/Xcode.app/Contents/Developer/Platforms/MacOSX.platform/Developer/SDKs/MacOSX10.10.sdk/usr/lib
Framework search paths:
	/Users/ope/Desktop/lynx/proj/osx-xcode/CMakeFiles/CMakeTmp/Debug
	/Applications/Xcode.app/Contents/Developer/Platforms/MacOSX.platform/Developer/SDKs/MacOSX10.10.sdk/System/Library/Frameworks/

** BUILD SUCCEEDED **



Parsed C implicit link information from above output:
  link line regex: [^( *|.*[/\])(ld|([^/\]+-)?ld|collect2)[^/\]*( |$)]
  ignore line: [Change Dir: /Users/ope/Desktop/lynx/proj/osx-xcode/CMakeFiles/CMakeTmp]
  ignore line: []
  ignore line: [Run Build Command:"/opt/local/bin/cmakexbuild" "-project" "CMAKE_TRY_COMPILE.xcodeproj" "build" "-target" "cmTryCompileExec42943381" "-configuration" "Debug"]
  ignore line: [2015-01-09 19:37:51.169 xcodebuild[29101:2041576] [MT] PluginLoading: Required plug-in compatibility UUID C4A681B0-4A26-480E-93EC-1218098B9AA0 for plug-in at path '~/Library/Application Support/Developer/Shared/Xcode/Plug-ins/ClangFormat.xcplugin' not present in DVTPlugInCompatibilityUUIDs]
  ignore line: [2015-01-09 19:37:51.172 xcodebuild[29101:2041576] [MT] PluginLoading: Required plug-in compatibility UUID C4A681B0-4A26-480E-93EC-1218098B9AA0 for plug-in at path '~/Library/Application Support/Developer/Shared/Xcode/Plug-ins/Alcatraz.xcplugin' not present in DVTPlugInCompatibilityUUIDs]
  ignore line: [=== BUILD TARGET cmTryCompileExec42943381 OF PROJECT CMAKE_TRY_COMPILE WITH CONFIGURATION Debug ===]
  ignore line: []
  ignore line: [Check dependencies]
  ignore line: []
  ignore line: [Write auxiliary files]
  ignore line: [/bin/mkdir -p /Users/ope/Desktop/lynx/proj/osx-xcode/CMakeFiles/CMakeTmp/CMAKE_TRY_COMPILE.build/Debug/cmTryCompileExec42943381.build/Objects-normal/x86_64]
  ignore line: [write-file /Users/ope/Desktop/lynx/proj/osx-xcode/CMakeFiles/CMakeTmp/CMAKE_TRY_COMPILE.build/Debug/cmTryCompileExec42943381.build/Objects-normal/x86_64/cmTryCompileExec42943381.LinkFileList]
  ignore line: []
  ignore line: [CompileC CMAKE_TRY_COMPILE.build/Debug/cmTryCompileExec42943381.build/Objects-normal/x86_64/CMakeCCompilerABI.o /opt/local/share/cmake-3.0/Modules/CMakeCCompilerABI.c normal x86_64 c com.apple.compilers.llvm.clang.1_0.compiler]
  ignore line: [    cd /Users/ope/Desktop/lynx/proj/osx-xcode/CMakeFiles/CMakeTmp]
  ignore line: [    export LANG=en_US.US-ASCII]
  ignore line: [    /Applications/Xcode.app/Contents/Developer/Toolchains/XcodeDefault.xctoolchain/usr/bin/clang -x c -arch x86_64 -fmessage-length=0 -fdiagnostics-show-note-include-stack -fmacro-backtrace-limit=0 -Wno-trigraphs -fpascal-strings -O0 -Wno-missing-field-initializers -Wno-missing-prototypes -Wno-return-type -Wno-missing-braces -Wparentheses -Wswitch -Wno-unused-function -Wno-unused-label -Wno-unused-parameter -Wno-unused-variable -Wunused-value -Wno-empty-body -Wno-uninitialized -Wno-unknown-pragmas -Wno-shadow -Wno-four-char-constants -Wno-conversion -Wno-constant-conversion -Wno-int-conversion -Wno-bool-conversion -Wno-enum-conversion -Wno-shorten-64-to-32 -Wpointer-sign -Wno-newline-eof -DCMAKE_INTDIR=\"Debug\" -isysroot /Applications/Xcode.app/Contents/Developer/Platforms/MacOSX.platform/Developer/SDKs/MacOSX10.10.sdk -fasm-blocks -fstrict-aliasing -Wdeprecated-declarations -mmacosx-version-min=10.10 -g -Wno-sign-conversion -I/Users/ope/Desktop/lynx/proj/osx-xcode/CMakeFiles/CMakeTmp/Debug/include -I/Applications/Xcode.app/Contents/Developer/Toolchains/XcodeDefault.xctoolchain/usr/include -I/Users/ope/Desktop/lynx/proj/osx-xcode/CMakeFiles/CMakeTmp/CMAKE_TRY_COMPILE.build/Debug/cmTryCompileExec42943381.build/DerivedSources/x86_64 -I/Users/ope/Desktop/lynx/proj/osx-xcode/CMakeFiles/CMakeTmp/CMAKE_TRY_COMPILE.build/Debug/cmTryCompileExec42943381.build/DerivedSources -Wmost -Wno-four-char-constants -Wno-unknown-pragmas -F/Users/ope/Desktop/lynx/proj/osx-xcode/CMakeFiles/CMakeTmp/Debug -MMD -MT dependencies -MF /Users/ope/Desktop/lynx/proj/osx-xcode/CMakeFiles/CMakeTmp/CMAKE_TRY_COMPILE.build/Debug/cmTryCompileExec42943381.build/Objects-normal/x86_64/CMakeCCompilerABI.d --serialize-diagnostics /Users/ope/Desktop/lynx/proj/osx-xcode/CMakeFiles/CMakeTmp/CMAKE_TRY_COMPILE.build/Debug/cmTryCompileExec42943381.build/Objects-normal/x86_64/CMakeCCompilerABI.dia -c /opt/local/share/cmake-3.0/Modules/CMakeCCompilerABI.c -o /Users/ope/Desktop/lynx/proj/osx-xcode/CMakeFiles/CMakeTmp/CMAKE_TRY_COMPILE.build/Debug/cmTryCompileExec42943381.build/Objects-normal/x86_64/CMakeCCompilerABI.o]
  ignore line: []
  ignore line: [Ld Debug/cmTryCompileExec42943381 normal x86_64]
  ignore line: [    cd /Users/ope/Desktop/lynx/proj/osx-xcode/CMakeFiles/CMakeTmp]
  ignore line: [    export MACOSX_DEPLOYMENT_TARGET=10.10]
  ignore line: [    /Applications/Xcode.app/Contents/Developer/Toolchains/XcodeDefault.xctoolchain/usr/bin/clang -arch x86_64 -isysroot /Applications/Xcode.app/Contents/Developer/Platforms/MacOSX.platform/Developer/SDKs/MacOSX10.10.sdk -L/Users/ope/Desktop/lynx/proj/osx-xcode/CMakeFiles/CMakeTmp/Debug -F/Users/ope/Desktop/lynx/proj/osx-xcode/CMakeFiles/CMakeTmp/Debug -filelist /Users/ope/Desktop/lynx/proj/osx-xcode/CMakeFiles/CMakeTmp/CMAKE_TRY_COMPILE.build/Debug/cmTryCompileExec42943381.build/Objects-normal/x86_64/cmTryCompileExec42943381.LinkFileList -mmacosx-version-min=10.10 -v -Wl,-v -Wl,-search_paths_first -Wl,-headerpad_max_install_names -Xlinker -dependency_info -Xlinker /Users/ope/Desktop/lynx/proj/osx-xcode/CMakeFiles/CMakeTmp/CMAKE_TRY_COMPILE.build/Debug/cmTryCompileExec42943381.build/Objects-normal/x86_64/cmTryCompileExec42943381_dependency_info.dat -o /Users/ope/Desktop/lynx/proj/osx-xcode/CMakeFiles/CMakeTmp/Debug/cmTryCompileExec42943381]
  ignore line: [Apple LLVM version 6.0 (clang-600.0.56) (based on LLVM 3.5svn)]
  ignore line: [Target: x86_64-apple-darwin14.0.0]
  ignore line: [Thread model: posix]
  reduced line: [ "/Applications/Xcode.app/Contents/Developer/Toolchains/XcodeDefault.xctoolchain/usr/bin/ld" -demangle -dynamic -arch x86_64 -macosx_version_min 10.10.0 -syslibroot /Applications/Xcode.app/Contents/Developer/Platforms/MacOSX.platform/Developer/SDKs/MacOSX10.10.sdk -o /Users/ope/Desktop/lynx/proj/osx-xcode/CMakeFiles/CMakeTmp/Debug/cmTryCompileExec42943381 -L/Users/ope/Desktop/lynx/proj/osx-xcode/CMakeFiles/CMakeTmp/Debug -filelist /Users/ope/Desktop/lynx/proj/osx-xcode/CMakeFiles/CMakeTmp/CMAKE_TRY_COMPILE.build/Debug/cmTryCompileExec42943381.build/Objects-normal/x86_64/cmTryCompileExec42943381.LinkFileList -v -search_paths_first -headerpad_max_install_names -dependency_info /Users/ope/Desktop/lynx/proj/osx-xcode/CMakeFiles/CMakeTmp/CMAKE_TRY_COMPILE.build/Debug/cmTryCompileExec42943381.build/Objects-normal/x86_64/cmTryCompileExec42943381_dependency_info.dat -lSystem /Applications/Xcode.app/Contents/Developer/Toolchains/XcodeDefault.xctoolchain/usr/bin/../lib/clang/6.0/lib/darwin/libclang_rt.osx.a -F/Users/ope/Desktop/lynx/proj/osx-xcode/CMakeFiles/CMakeTmp/Debug]
            to: [ "/Applications/Xcode.app/Contents/Developer/Toolchains/XcodeDefault.xctoolchain/usr/bin/ld" -demangle -dynamic -arch x86_64 -macosx_version_min 10.10.0 -syslibroot /Applications/Xcode.app/Contents/Developer/Platforms/MacOSX.platform/Developer/SDKs/MacOSX10.10.sdk -o /Users/ope/Desktop/lynx/proj/osx-xcode/CMakeFiles/CMakeTmp/Debug/cmTryCompileExec42943381 -filelist /Users/ope/Desktop/lynx/proj/osx-xcode/CMakeFiles/CMakeTmp/CMAKE_TRY_COMPILE.build/Debug/cmTryCompileExec42943381.build/Objects-normal/x86_64/cmTryCompileExec42943381.LinkFileList -v -search_paths_first -headerpad_max_install_names -dependency_info /Users/ope/Desktop/lynx/proj/osx-xcode/CMakeFiles/CMakeTmp/CMAKE_TRY_COMPILE.build/Debug/cmTryCompileExec42943381.build/Objects-normal/x86_64/cmTryCompileExec42943381_dependency_info.dat -lSystem /Applications/Xcode.app/Contents/Developer/Toolchains/XcodeDefault.xctoolchain/usr/bin/../lib/clang/6.0/lib/darwin/libclang_rt.osx.a ]
  link line: [ "/Applications/Xcode.app/Contents/Developer/Toolchains/XcodeDefault.xctoolchain/usr/bin/ld" -demangle -dynamic -arch x86_64 -macosx_version_min 10.10.0 -syslibroot /Applications/Xcode.app/Contents/Developer/Platforms/MacOSX.platform/Developer/SDKs/MacOSX10.10.sdk -o /Users/ope/Desktop/lynx/proj/osx-xcode/CMakeFiles/CMakeTmp/Debug/cmTryCompileExec42943381 -filelist /Users/ope/Desktop/lynx/proj/osx-xcode/CMakeFiles/CMakeTmp/CMAKE_TRY_COMPILE.build/Debug/cmTryCompileExec42943381.build/Objects-normal/x86_64/cmTryCompileExec42943381.LinkFileList -v -search_paths_first -headerpad_max_install_names -dependency_info /Users/ope/Desktop/lynx/proj/osx-xcode/CMakeFiles/CMakeTmp/CMAKE_TRY_COMPILE.build/Debug/cmTryCompileExec42943381.build/Objects-normal/x86_64/cmTryCompileExec42943381_dependency_info.dat -lSystem /Applications/Xcode.app/Contents/Developer/Toolchains/XcodeDefault.xctoolchain/usr/bin/../lib/clang/6.0/lib/darwin/libclang_rt.osx.a ]
    arg [/Applications/Xcode.app/Contents/Developer/Toolchains/XcodeDefault.xctoolchain/usr/bin/ld] ==> ignore
    arg [-demangle] ==> ignore
    arg [-dynamic] ==> ignore
    arg [-arch] ==> ignore
    arg [x86_64] ==> ignore
    arg [-macosx_version_min] ==> ignore
    arg [10.10.0] ==> ignore
    arg [-syslibroot] ==> ignore
    arg [/Applications/Xcode.app/Contents/Developer/Platforms/MacOSX.platform/Developer/SDKs/MacOSX10.10.sdk] ==> ignore
    arg [-o] ==> ignore
    arg [/Users/ope/Desktop/lynx/proj/osx-xcode/CMakeFiles/CMakeTmp/Debug/cmTryCompileExec42943381] ==> ignore
    arg [-filelist] ==> ignore
    arg [/Users/ope/Desktop/lynx/proj/osx-xcode/CMakeFiles/CMakeTmp/CMAKE_TRY_COMPILE.build/Debug/cmTryCompileExec42943381.build/Objects-normal/x86_64/cmTryCompileExec42943381.LinkFileList] ==> ignore
    arg [-v] ==> ignore
    arg [-search_paths_first] ==> ignore
    arg [-headerpad_max_install_names] ==> ignore
    arg [-dependency_info] ==> ignore
    arg [/Users/ope/Desktop/lynx/proj/osx-xcode/CMakeFiles/CMakeTmp/CMAKE_TRY_COMPILE.build/Debug/cmTryCompileExec42943381.build/Objects-normal/x86_64/cmTryCompileExec42943381_dependency_info.dat] ==> ignore
    arg [-lSystem] ==> lib [System]
    arg [/Applications/Xcode.app/Contents/Developer/Toolchains/XcodeDefault.xctoolchain/usr/bin/../lib/clang/6.0/lib/darwin/libclang_rt.osx.a] ==> lib [/Applications/Xcode.app/Contents/Developer/Toolchains/XcodeDefault.xctoolchain/usr/bin/../lib/clang/6.0/lib/darwin/libclang_rt.osx.a]
  Library search paths: [;/Users/ope/Desktop/lynx/proj/osx-xcode/CMakeFiles/CMakeTmp/Debug;/Applications/Xcode.app/Contents/Developer/Platforms/MacOSX.platform/Developer/SDKs/MacOSX10.10.sdk/usr/lib]
  Framework search paths: [;/Users/ope/Desktop/lynx/proj/osx-xcode/CMakeFiles/CMakeTmp/Debug;/Applications/Xcode.app/Contents/Developer/Platforms/MacOSX.platform/Developer/SDKs/MacOSX10.10.sdk/System/Library/Frameworks/]
  remove lib [System]
  collapse lib [/Applications/Xcode.app/Contents/Developer/Toolchains/XcodeDefault.xctoolchain/usr/bin/../lib/clang/6.0/lib/darwin/libclang_rt.osx.a] ==> [/Applications/Xcode.app/Contents/Developer/Toolchains/XcodeDefault.xctoolchain/usr/lib/clang/6.0/lib/darwin/libclang_rt.osx.a]
  collapse library dir [/Users/ope/Desktop/lynx/proj/osx-xcode/CMakeFiles/CMakeTmp/Debug] ==> [/Users/ope/Desktop/lynx/proj/osx-xcode/CMakeFiles/CMakeTmp/Debug], skipping non-system directory
  collapse library dir [/Applications/Xcode.app/Contents/Developer/Platforms/MacOSX.platform/Developer/SDKs/MacOSX10.10.sdk/usr/lib] ==> [/Applications/Xcode.app/Contents/Developer/Platforms/MacOSX.platform/Developer/SDKs/MacOSX10.10.sdk/usr/lib]
  collapse framework dir [/Users/ope/Desktop/lynx/proj/osx-xcode/CMakeFiles/CMakeTmp/Debug] ==> [/Users/ope/Desktop/lynx/proj/osx-xcode/CMakeFiles/CMakeTmp/Debug], skipping non-system directory
  collapse framework dir [/Applications/Xcode.app/Contents/Developer/Platforms/MacOSX.platform/Developer/SDKs/MacOSX10.10.sdk/System/Library/Frameworks/] ==> [/Applications/Xcode.app/Contents/Developer/Platforms/MacOSX.platform/Developer/SDKs/MacOSX10.10.sdk/System/Library/Frameworks]
  implicit libs: [/Applications/Xcode.app/Contents/Developer/Toolchains/XcodeDefault.xctoolchain/usr/lib/clang/6.0/lib/darwin/libclang_rt.osx.a]
  implicit dirs: [/Applications/Xcode.app/Contents/Developer/Platforms/MacOSX.platform/Developer/SDKs/MacOSX10.10.sdk/usr/lib]
  implicit fwks: [/Applications/Xcode.app/Contents/Developer/Platforms/MacOSX.platform/Developer/SDKs/MacOSX10.10.sdk/System/Library/Frameworks]


Determining if the CXX compiler works passed with the following output:
Change Dir: /Users/ope/Desktop/lynx/proj/osx-xcode/CMakeFiles/CMakeTmp

Run Build Command:"/opt/local/bin/cmakexbuild" "-project" "CMAKE_TRY_COMPILE.xcodeproj" "build" "-target" "cmTryCompileExec3806227897" "-configuration" "Debug"
2015-01-09 19:37:53.199 xcodebuild[29115:2041669] [MT] PluginLoading: Required plug-in compatibility UUID C4A681B0-4A26-480E-93EC-1218098B9AA0 for plug-in at path '~/Library/Application Support/Developer/Shared/Xcode/Plug-ins/ClangFormat.xcplugin' not present in DVTPlugInCompatibilityUUIDs
2015-01-09 19:37:53.204 xcodebuild[29115:2041669] [MT] PluginLoading: Required plug-in compatibility UUID C4A681B0-4A26-480E-93EC-1218098B9AA0 for plug-in at path '~/Library/Application Support/Developer/Shared/Xcode/Plug-ins/Alcatraz.xcplugin' not present in DVTPlugInCompatibilityUUIDs
=== BUILD TARGET cmTryCompileExec3806227897 OF PROJECT CMAKE_TRY_COMPILE WITH CONFIGURATION Debug ===

Check dependencies

Write auxiliary files
/bin/mkdir -p /Users/ope/Desktop/lynx/proj/osx-xcode/CMakeFiles/CMakeTmp/CMAKE_TRY_COMPILE.build/Debug/cmTryCompileExec3806227897.build/Objects-normal/x86_64
write-file /Users/ope/Desktop/lynx/proj/osx-xcode/CMakeFiles/CMakeTmp/CMAKE_TRY_COMPILE.build/Debug/cmTryCompileExec3806227897.build/Objects-normal/x86_64/cmTryCompileExec3806227897.LinkFileList

CompileC CMAKE_TRY_COMPILE.build/Debug/cmTryCompileExec3806227897.build/Objects-normal/x86_64/testCXXCompiler.o testCXXCompiler.cxx normal x86_64 c++ com.apple.compilers.llvm.clang.1_0.compiler
    cd /Users/ope/Desktop/lynx/proj/osx-xcode/CMakeFiles/CMakeTmp
    export LANG=en_US.US-ASCII
    /Applications/Xcode.app/Contents/Developer/Toolchains/XcodeDefault.xctoolchain/usr/bin/clang -x c++ -arch x86_64 -fmessage-length=0 -fdiagnostics-show-note-include-stack -fmacro-backtrace-limit=0 -Wno-trigraphs -fpascal-strings -O0 -Wno-missing-field-initializers -Wno-missing-prototypes -Wno-return-type -Wno-non-virtual-dtor -Wno-overloaded-virtual -Wno-exit-time-destructors -Wno-missing-braces -Wparentheses -Wswitch -Wno-unused-function -Wno-unused-label -Wno-unused-parameter -Wno-unused-variable -Wunused-value -Wno-empty-body -Wno-uninitialized -Wno-unknown-pragmas -Wno-shadow -Wno-four-char-constants -Wno-conversion -Wno-constant-conversion -Wno-int-conversion -Wno-bool-conversion -Wno-enum-conversion -Wno-shorten-64-to-32 -Wno-newline-eof -Wno-c++11-extensions -DCMAKE_INTDIR=\"Debug\" -isysroot /Applications/Xcode.app/Contents/Developer/Platforms/MacOSX.platform/Developer/SDKs/MacOSX10.10.sdk -fasm-blocks -fstrict-aliasing -Wdeprecated-declarations -Winvalid-offsetof -mmacosx-version-min=10.10 -Wno-sign-conversion -I/Users/ope/Desktop/lynx/proj/osx-xcode/CMakeFiles/CMakeTmp/Debug/include -I/Applications/Xcode.app/Contents/Developer/Toolchains/XcodeDefault.xctoolchain/usr/include -I/Users/ope/Desktop/lynx/proj/osx-xcode/CMakeFiles/CMakeTmp/CMAKE_TRY_COMPILE.build/Debug/cmTryCompileExec3806227897.build/DerivedSources/x86_64 -I/Users/ope/Desktop/lynx/proj/osx-xcode/CMakeFiles/CMakeTmp/CMAKE_TRY_COMPILE.build/Debug/cmTryCompileExec3806227897.build/DerivedSources -Wmost -Wno-four-char-constants -Wno-unknown-pragmas -F/Users/ope/Desktop/lynx/proj/osx-xcode/CMakeFiles/CMakeTmp/Debug -g -MMD -MT dependencies -MF /Users/ope/Desktop/lynx/proj/osx-xcode/CMakeFiles/CMakeTmp/CMAKE_TRY_COMPILE.build/Debug/cmTryCompileExec3806227897.build/Objects-normal/x86_64/testCXXCompiler.d --serialize-diagnostics /Users/ope/Desktop/lynx/proj/osx-xcode/CMakeFiles/CMakeTmp/CMAKE_TRY_COMPILE.build/Debug/cmTryCompileExec3806227897.build/Objects-normal/x86_64/testCXXCompiler.dia -c /Users/ope/Desktop/lynx/proj/osx-xcode/CMakeFiles/CMakeTmp/testCXXCompiler.cxx -o /Users/ope/Desktop/lynx/proj/osx-xcode/CMakeFiles/CMakeTmp/CMAKE_TRY_COMPILE.build/Debug/cmTryCompileExec3806227897.build/Objects-normal/x86_64/testCXXCompiler.o

Ld Debug/cmTryCompileExec3806227897 normal x86_64
    cd /Users/ope/Desktop/lynx/proj/osx-xcode/CMakeFiles/CMakeTmp
    export MACOSX_DEPLOYMENT_TARGET=10.10
    /Applications/Xcode.app/Contents/Developer/Toolchains/XcodeDefault.xctoolchain/usr/bin/clang++ -arch x86_64 -isysroot /Applications/Xcode.app/Contents/Developer/Platforms/MacOSX.platform/Developer/SDKs/MacOSX10.10.sdk -L/Users/ope/Desktop/lynx/proj/osx-xcode/CMakeFiles/CMakeTmp/Debug -F/Users/ope/Desktop/lynx/proj/osx-xcode/CMakeFiles/CMakeTmp/Debug -filelist /Users/ope/Desktop/lynx/proj/osx-xcode/CMakeFiles/CMakeTmp/CMAKE_TRY_COMPILE.build/Debug/cmTryCompileExec3806227897.build/Objects-normal/x86_64/cmTryCompileExec3806227897.LinkFileList -mmacosx-version-min=10.10 -Wl,-search_paths_first -Wl,-headerpad_max_install_names -Xlinker -dependency_info -Xlinker /Users/ope/Desktop/lynx/proj/osx-xcode/CMakeFiles/CMakeTmp/CMAKE_TRY_COMPILE.build/Debug/cmTryCompileExec3806227897.build/Objects-normal/x86_64/cmTryCompileExec3806227897_dependency_info.dat -o /Users/ope/Desktop/lynx/proj/osx-xcode/CMakeFiles/CMakeTmp/Debug/cmTryCompileExec3806227897

** BUILD SUCCEEDED **



Detecting CXX compiler ABI info compiled with the following output:
Change Dir: /Users/ope/Desktop/lynx/proj/osx-xcode/CMakeFiles/CMakeTmp

Run Build Command:"/opt/local/bin/cmakexbuild" "-project" "CMAKE_TRY_COMPILE.xcodeproj" "build" "-target" "cmTryCompileExec330379136" "-configuration" "Debug"
2015-01-09 19:37:54.697 xcodebuild[29129:2041703] [MT] PluginLoading: Required plug-in compatibility UUID C4A681B0-4A26-480E-93EC-1218098B9AA0 for plug-in at path '~/Library/Application Support/Developer/Shared/Xcode/Plug-ins/ClangFormat.xcplugin' not present in DVTPlugInCompatibilityUUIDs
2015-01-09 19:37:54.700 xcodebuild[29129:2041703] [MT] PluginLoading: Required plug-in compatibility UUID C4A681B0-4A26-480E-93EC-1218098B9AA0 for plug-in at path '~/Library/Application Support/Developer/Shared/Xcode/Plug-ins/Alcatraz.xcplugin' not present in DVTPlugInCompatibilityUUIDs
=== BUILD TARGET cmTryCompileExec330379136 OF PROJECT CMAKE_TRY_COMPILE WITH CONFIGURATION Debug ===

Check dependencies

Write auxiliary files
/bin/mkdir -p /Users/ope/Desktop/lynx/proj/osx-xcode/CMakeFiles/CMakeTmp/CMAKE_TRY_COMPILE.build/Debug/cmTryCompileExec330379136.build/Objects-normal/x86_64
write-file /Users/ope/Desktop/lynx/proj/osx-xcode/CMakeFiles/CMakeTmp/CMAKE_TRY_COMPILE.build/Debug/cmTryCompileExec330379136.build/Objects-normal/x86_64/cmTryCompileExec330379136.LinkFileList

CompileC CMAKE_TRY_COMPILE.build/Debug/cmTryCompileExec330379136.build/Objects-normal/x86_64/CMakeCXXCompilerABI.o /opt/local/share/cmake-3.0/Modules/CMakeCXXCompilerABI.cpp normal x86_64 c++ com.apple.compilers.llvm.clang.1_0.compiler
    cd /Users/ope/Desktop/lynx/proj/osx-xcode/CMakeFiles/CMakeTmp
    export LANG=en_US.US-ASCII
    /Applications/Xcode.app/Contents/Developer/Toolchains/XcodeDefault.xctoolchain/usr/bin/clang -x c++ -arch x86_64 -fmessage-length=0 -fdiagnostics-show-note-include-stack -fmacro-backtrace-limit=0 -Wno-trigraphs -fpascal-strings -O0 -Wno-missing-field-initializers -Wno-missing-prototypes -Wno-return-type -Wno-non-virtual-dtor -Wno-overloaded-virtual -Wno-exit-time-destructors -Wno-missing-braces -Wparentheses -Wswitch -Wno-unused-function -Wno-unused-label -Wno-unused-parameter -Wno-unused-variable -Wunused-value -Wno-empty-body -Wno-uninitialized -Wno-unknown-pragmas -Wno-shadow -Wno-four-char-constants -Wno-conversion -Wno-constant-conversion -Wno-int-conversion -Wno-bool-conversion -Wno-enum-conversion -Wno-shorten-64-to-32 -Wno-newline-eof -Wno-c++11-extensions -DCMAKE_INTDIR=\"Debug\" -isysroot /Applications/Xcode.app/Contents/Developer/Platforms/MacOSX.platform/Developer/SDKs/MacOSX10.10.sdk -fasm-blocks -fstrict-aliasing -Wdeprecated-declarations -Winvalid-offsetof -mmacosx-version-min=10.10 -Wno-sign-conversion -I/Users/ope/Desktop/lynx/proj/osx-xcode/CMakeFiles/CMakeTmp/Debug/include -I/Applications/Xcode.app/Contents/Developer/Toolchains/XcodeDefault.xctoolchain/usr/include -I/Users/ope/Desktop/lynx/proj/osx-xcode/CMakeFiles/CMakeTmp/CMAKE_TRY_COMPILE.build/Debug/cmTryCompileExec330379136.build/DerivedSources/x86_64 -I/Users/ope/Desktop/lynx/proj/osx-xcode/CMakeFiles/CMakeTmp/CMAKE_TRY_COMPILE.build/Debug/cmTryCompileExec330379136.build/DerivedSources -Wmost -Wno-four-char-constants -Wno-unknown-pragmas -F/Users/ope/Desktop/lynx/proj/osx-xcode/CMakeFiles/CMakeTmp/Debug -g -MMD -MT dependencies -MF /Users/ope/Desktop/lynx/proj/osx-xcode/CMakeFiles/CMakeTmp/CMAKE_TRY_COMPILE.build/Debug/cmTryCompileExec330379136.build/Objects-normal/x86_64/CMakeCXXCompilerABI.d --serialize-diagnostics /Users/ope/Desktop/lynx/proj/osx-xcode/CMakeFiles/CMakeTmp/CMAKE_TRY_COMPILE.build/Debug/cmTryCompileExec330379136.build/Objects-normal/x86_64/CMakeCXXCompilerABI.dia -c /opt/local/share/cmake-3.0/Modules/CMakeCXXCompilerABI.cpp -o /Users/ope/Desktop/lynx/proj/osx-xcode/CMakeFiles/CMakeTmp/CMAKE_TRY_COMPILE.build/Debug/cmTryCompileExec330379136.build/Objects-normal/x86_64/CMakeCXXCompilerABI.o

Ld Debug/cmTryCompileExec330379136 normal x86_64
    cd /Users/ope/Desktop/lynx/proj/osx-xcode/CMakeFiles/CMakeTmp
    export MACOSX_DEPLOYMENT_TARGET=10.10
    /Applications/Xcode.app/Contents/Developer/Toolchains/XcodeDefault.xctoolchain/usr/bin/clang++ -arch x86_64 -isysroot /Applications/Xcode.app/Contents/Developer/Platforms/MacOSX.platform/Developer/SDKs/MacOSX10.10.sdk -L/Users/ope/Desktop/lynx/proj/osx-xcode/CMakeFiles/CMakeTmp/Debug -F/Users/ope/Desktop/lynx/proj/osx-xcode/CMakeFiles/CMakeTmp/Debug -filelist /Users/ope/Desktop/lynx/proj/osx-xcode/CMakeFiles/CMakeTmp/CMAKE_TRY_COMPILE.build/Debug/cmTryCompileExec330379136.build/Objects-normal/x86_64/cmTryCompileExec330379136.LinkFileList -mmacosx-version-min=10.10 -v -Wl,-v -Wl,-search_paths_first -Wl,-headerpad_max_install_names -Xlinker -dependency_info -Xlinker /Users/ope/Desktop/lynx/proj/osx-xcode/CMakeFiles/CMakeTmp/CMAKE_TRY_COMPILE.build/Debug/cmTryCompileExec330379136.build/Objects-normal/x86_64/cmTryCompileExec330379136_dependency_info.dat -o /Users/ope/Desktop/lynx/proj/osx-xcode/CMakeFiles/CMakeTmp/Debug/cmTryCompileExec330379136
Apple LLVM version 6.0 (clang-600.0.56) (based on LLVM 3.5svn)
Target: x86_64-apple-darwin14.0.0
Thread model: posix
 "/Applications/Xcode.app/Contents/Developer/Toolchains/XcodeDefault.xctoolchain/usr/bin/ld" -demangle -dynamic -arch x86_64 -macosx_version_min 10.10.0 -syslibroot /Applications/Xcode.app/Contents/Developer/Platforms/MacOSX.platform/Developer/SDKs/MacOSX10.10.sdk -o /Users/ope/Desktop/lynx/proj/osx-xcode/CMakeFiles/CMakeTmp/Debug/cmTryCompileExec330379136 -L/Users/ope/Desktop/lynx/proj/osx-xcode/CMakeFiles/CMakeTmp/Debug -filelist /Users/ope/Desktop/lynx/proj/osx-xcode/CMakeFiles/CMakeTmp/CMAKE_TRY_COMPILE.build/Debug/cmTryCompileExec330379136.build/Objects-normal/x86_64/cmTryCompileExec330379136.LinkFileList -v -search_paths_first -headerpad_max_install_names -dependency_info /Users/ope/Desktop/lynx/proj/osx-xcode/CMakeFiles/CMakeTmp/CMAKE_TRY_COMPILE.build/Debug/cmTryCompileExec330379136.build/Objects-normal/x86_64/cmTryCompileExec330379136_dependency_info.dat -lc++ -lSystem /Applications/Xcode.app/Contents/Developer/Toolchains/XcodeDefault.xctoolchain/usr/bin/../lib/clang/6.0/lib/darwin/libclang_rt.osx.a -F/Users/ope/Desktop/lynx/proj/osx-xcode/CMakeFiles/CMakeTmp/Debug
@(#)PROGRAM:ld  PROJECT:ld64-241.9
configured to support archs: armv6 armv7 armv7s arm64 i386 x86_64 x86_64h armv6m armv7m armv7em
Library search paths:
	/Users/ope/Desktop/lynx/proj/osx-xcode/CMakeFiles/CMakeTmp/Debug
	/Applications/Xcode.app/Contents/Developer/Platforms/MacOSX.platform/Developer/SDKs/MacOSX10.10.sdk/usr/lib
Framework search paths:
	/Users/ope/Desktop/lynx/proj/osx-xcode/CMakeFiles/CMakeTmp/Debug
	/Applications/Xcode.app/Contents/Developer/Platforms/MacOSX.platform/Developer/SDKs/MacOSX10.10.sdk/System/Library/Frameworks/

** BUILD SUCCEEDED **



Parsed CXX implicit link information from above output:
  link line regex: [^( *|.*[/\])(ld|([^/\]+-)?ld|collect2)[^/\]*( |$)]
  ignore line: [Change Dir: /Users/ope/Desktop/lynx/proj/osx-xcode/CMakeFiles/CMakeTmp]
  ignore line: []
  ignore line: [Run Build Command:"/opt/local/bin/cmakexbuild" "-project" "CMAKE_TRY_COMPILE.xcodeproj" "build" "-target" "cmTryCompileExec330379136" "-configuration" "Debug"]
  ignore line: [2015-01-09 19:37:54.697 xcodebuild[29129:2041703] [MT] PluginLoading: Required plug-in compatibility UUID C4A681B0-4A26-480E-93EC-1218098B9AA0 for plug-in at path '~/Library/Application Support/Developer/Shared/Xcode/Plug-ins/ClangFormat.xcplugin' not present in DVTPlugInCompatibilityUUIDs]
  ignore line: [2015-01-09 19:37:54.700 xcodebuild[29129:2041703] [MT] PluginLoading: Required plug-in compatibility UUID C4A681B0-4A26-480E-93EC-1218098B9AA0 for plug-in at path '~/Library/Application Support/Developer/Shared/Xcode/Plug-ins/Alcatraz.xcplugin' not present in DVTPlugInCompatibilityUUIDs]
  ignore line: [=== BUILD TARGET cmTryCompileExec330379136 OF PROJECT CMAKE_TRY_COMPILE WITH CONFIGURATION Debug ===]
  ignore line: []
  ignore line: [Check dependencies]
  ignore line: []
  ignore line: [Write auxiliary files]
  ignore line: [/bin/mkdir -p /Users/ope/Desktop/lynx/proj/osx-xcode/CMakeFiles/CMakeTmp/CMAKE_TRY_COMPILE.build/Debug/cmTryCompileExec330379136.build/Objects-normal/x86_64]
  ignore line: [write-file /Users/ope/Desktop/lynx/proj/osx-xcode/CMakeFiles/CMakeTmp/CMAKE_TRY_COMPILE.build/Debug/cmTryCompileExec330379136.build/Objects-normal/x86_64/cmTryCompileExec330379136.LinkFileList]
  ignore line: []
  ignore line: [CompileC CMAKE_TRY_COMPILE.build/Debug/cmTryCompileExec330379136.build/Objects-normal/x86_64/CMakeCXXCompilerABI.o /opt/local/share/cmake-3.0/Modules/CMakeCXXCompilerABI.cpp normal x86_64 c++ com.apple.compilers.llvm.clang.1_0.compiler]
  ignore line: [    cd /Users/ope/Desktop/lynx/proj/osx-xcode/CMakeFiles/CMakeTmp]
  ignore line: [    export LANG=en_US.US-ASCII]
  ignore line: [    /Applications/Xcode.app/Contents/Developer/Toolchains/XcodeDefault.xctoolchain/usr/bin/clang -x c++ -arch x86_64 -fmessage-length=0 -fdiagnostics-show-note-include-stack -fmacro-backtrace-limit=0 -Wno-trigraphs -fpascal-strings -O0 -Wno-missing-field-initializers -Wno-missing-prototypes -Wno-return-type -Wno-non-virtual-dtor -Wno-overloaded-virtual -Wno-exit-time-destructors -Wno-missing-braces -Wparentheses -Wswitch -Wno-unused-function -Wno-unused-label -Wno-unused-parameter -Wno-unused-variable -Wunused-value -Wno-empty-body -Wno-uninitialized -Wno-unknown-pragmas -Wno-shadow -Wno-four-char-constants -Wno-conversion -Wno-constant-conversion -Wno-int-conversion -Wno-bool-conversion -Wno-enum-conversion -Wno-shorten-64-to-32 -Wno-newline-eof -Wno-c++11-extensions -DCMAKE_INTDIR=\"Debug\" -isysroot /Applications/Xcode.app/Contents/Developer/Platforms/MacOSX.platform/Developer/SDKs/MacOSX10.10.sdk -fasm-blocks -fstrict-aliasing -Wdeprecated-declarations -Winvalid-offsetof -mmacosx-version-min=10.10 -Wno-sign-conversion -I/Users/ope/Desktop/lynx/proj/osx-xcode/CMakeFiles/CMakeTmp/Debug/include -I/Applications/Xcode.app/Contents/Developer/Toolchains/XcodeDefault.xctoolchain/usr/include -I/Users/ope/Desktop/lynx/proj/osx-xcode/CMakeFiles/CMakeTmp/CMAKE_TRY_COMPILE.build/Debug/cmTryCompileExec330379136.build/DerivedSources/x86_64 -I/Users/ope/Desktop/lynx/proj/osx-xcode/CMakeFiles/CMakeTmp/CMAKE_TRY_COMPILE.build/Debug/cmTryCompileExec330379136.build/DerivedSources -Wmost -Wno-four-char-constants -Wno-unknown-pragmas -F/Users/ope/Desktop/lynx/proj/osx-xcode/CMakeFiles/CMakeTmp/Debug -g -MMD -MT dependencies -MF /Users/ope/Desktop/lynx/proj/osx-xcode/CMakeFiles/CMakeTmp/CMAKE_TRY_COMPILE.build/Debug/cmTryCompileExec330379136.build/Objects-normal/x86_64/CMakeCXXCompilerABI.d --serialize-diagnostics /Users/ope/Desktop/lynx/proj/osx-xcode/CMakeFiles/CMakeTmp/CMAKE_TRY_COMPILE.build/Debug/cmTryCompileExec330379136.build/Objects-normal/x86_64/CMakeCXXCompilerABI.dia -c /opt/local/share/cmake-3.0/Modules/CMakeCXXCompilerABI.cpp -o /Users/ope/Desktop/lynx/proj/osx-xcode/CMakeFiles/CMakeTmp/CMAKE_TRY_COMPILE.build/Debug/cmTryCompileExec330379136.build/Objects-normal/x86_64/CMakeCXXCompilerABI.o]
  ignore line: []
  ignore line: [Ld Debug/cmTryCompileExec330379136 normal x86_64]
  ignore line: [    cd /Users/ope/Desktop/lynx/proj/osx-xcode/CMakeFiles/CMakeTmp]
  ignore line: [    export MACOSX_DEPLOYMENT_TARGET=10.10]
  ignore line: [    /Applications/Xcode.app/Contents/Developer/Toolchains/XcodeDefault.xctoolchain/usr/bin/clang++ -arch x86_64 -isysroot /Applications/Xcode.app/Contents/Developer/Platforms/MacOSX.platform/Developer/SDKs/MacOSX10.10.sdk -L/Users/ope/Desktop/lynx/proj/osx-xcode/CMakeFiles/CMakeTmp/Debug -F/Users/ope/Desktop/lynx/proj/osx-xcode/CMakeFiles/CMakeTmp/Debug -filelist /Users/ope/Desktop/lynx/proj/osx-xcode/CMakeFiles/CMakeTmp/CMAKE_TRY_COMPILE.build/Debug/cmTryCompileExec330379136.build/Objects-normal/x86_64/cmTryCompileExec330379136.LinkFileList -mmacosx-version-min=10.10 -v -Wl,-v -Wl,-search_paths_first -Wl,-headerpad_max_install_names -Xlinker -dependency_info -Xlinker /Users/ope/Desktop/lynx/proj/osx-xcode/CMakeFiles/CMakeTmp/CMAKE_TRY_COMPILE.build/Debug/cmTryCompileExec330379136.build/Objects-normal/x86_64/cmTryCompileExec330379136_dependency_info.dat -o /Users/ope/Desktop/lynx/proj/osx-xcode/CMakeFiles/CMakeTmp/Debug/cmTryCompileExec330379136]
  ignore line: [Apple LLVM version 6.0 (clang-600.0.56) (based on LLVM 3.5svn)]
  ignore line: [Target: x86_64-apple-darwin14.0.0]
  ignore line: [Thread model: posix]
  reduced line: [ "/Applications/Xcode.app/Contents/Developer/Toolchains/XcodeDefault.xctoolchain/usr/bin/ld" -demangle -dynamic -arch x86_64 -macosx_version_min 10.10.0 -syslibroot /Applications/Xcode.app/Contents/Developer/Platforms/MacOSX.platform/Developer/SDKs/MacOSX10.10.sdk -o /Users/ope/Desktop/lynx/proj/osx-xcode/CMakeFiles/CMakeTmp/Debug/cmTryCompileExec330379136 -L/Users/ope/Desktop/lynx/proj/osx-xcode/CMakeFiles/CMakeTmp/Debug -filelist /Users/ope/Desktop/lynx/proj/osx-xcode/CMakeFiles/CMakeTmp/CMAKE_TRY_COMPILE.build/Debug/cmTryCompileExec330379136.build/Objects-normal/x86_64/cmTryCompileExec330379136.LinkFileList -v -search_paths_first -headerpad_max_install_names -dependency_info /Users/ope/Desktop/lynx/proj/osx-xcode/CMakeFiles/CMakeTmp/CMAKE_TRY_COMPILE.build/Debug/cmTryCompileExec330379136.build/Objects-normal/x86_64/cmTryCompileExec330379136_dependency_info.dat -lc++ -lSystem /Applications/Xcode.app/Contents/Developer/Toolchains/XcodeDefault.xctoolchain/usr/bin/../lib/clang/6.0/lib/darwin/libclang_rt.osx.a -F/Users/ope/Desktop/lynx/proj/osx-xcode/CMakeFiles/CMakeTmp/Debug]
            to: [ "/Applications/Xcode.app/Contents/Developer/Toolchains/XcodeDefault.xctoolchain/usr/bin/ld" -demangle -dynamic -arch x86_64 -macosx_version_min 10.10.0 -syslibroot /Applications/Xcode.app/Contents/Developer/Platforms/MacOSX.platform/Developer/SDKs/MacOSX10.10.sdk -o /Users/ope/Desktop/lynx/proj/osx-xcode/CMakeFiles/CMakeTmp/Debug/cmTryCompileExec330379136 -filelist /Users/ope/Desktop/lynx/proj/osx-xcode/CMakeFiles/CMakeTmp/CMAKE_TRY_COMPILE.build/Debug/cmTryCompileExec330379136.build/Objects-normal/x86_64/cmTryCompileExec330379136.LinkFileList -v -search_paths_first -headerpad_max_install_names -dependency_info /Users/ope/Desktop/lynx/proj/osx-xcode/CMakeFiles/CMakeTmp/CMAKE_TRY_COMPILE.build/Debug/cmTryCompileExec330379136.build/Objects-normal/x86_64/cmTryCompileExec330379136_dependency_info.dat -lc++ -lSystem /Applications/Xcode.app/Contents/Developer/Toolchains/XcodeDefault.xctoolchain/usr/bin/../lib/clang/6.0/lib/darwin/libclang_rt.osx.a ]
  link line: [ "/Applications/Xcode.app/Contents/Developer/Toolchains/XcodeDefault.xctoolchain/usr/bin/ld" -demangle -dynamic -arch x86_64 -macosx_version_min 10.10.0 -syslibroot /Applications/Xcode.app/Contents/Developer/Platforms/MacOSX.platform/Developer/SDKs/MacOSX10.10.sdk -o /Users/ope/Desktop/lynx/proj/osx-xcode/CMakeFiles/CMakeTmp/Debug/cmTryCompileExec330379136 -filelist /Users/ope/Desktop/lynx/proj/osx-xcode/CMakeFiles/CMakeTmp/CMAKE_TRY_COMPILE.build/Debug/cmTryCompileExec330379136.build/Objects-normal/x86_64/cmTryCompileExec330379136.LinkFileList -v -search_paths_first -headerpad_max_install_names -dependency_info /Users/ope/Desktop/lynx/proj/osx-xcode/CMakeFiles/CMakeTmp/CMAKE_TRY_COMPILE.build/Debug/cmTryCompileExec330379136.build/Objects-normal/x86_64/cmTryCompileExec330379136_dependency_info.dat -lc++ -lSystem /Applications/Xcode.app/Contents/Developer/Toolchains/XcodeDefault.xctoolchain/usr/bin/../lib/clang/6.0/lib/darwin/libclang_rt.osx.a ]
    arg [/Applications/Xcode.app/Contents/Developer/Toolchains/XcodeDefault.xctoolchain/usr/bin/ld] ==> ignore
    arg [-demangle] ==> ignore
    arg [-dynamic] ==> ignore
    arg [-arch] ==> ignore
    arg [x86_64] ==> ignore
    arg [-macosx_version_min] ==> ignore
    arg [10.10.0] ==> ignore
    arg [-syslibroot] ==> ignore
    arg [/Applications/Xcode.app/Contents/Developer/Platforms/MacOSX.platform/Developer/SDKs/MacOSX10.10.sdk] ==> ignore
    arg [-o] ==> ignore
    arg [/Users/ope/Desktop/lynx/proj/osx-xcode/CMakeFiles/CMakeTmp/Debug/cmTryCompileExec330379136] ==> ignore
    arg [-filelist] ==> ignore
    arg [/Users/ope/Desktop/lynx/proj/osx-xcode/CMakeFiles/CMakeTmp/CMAKE_TRY_COMPILE.build/Debug/cmTryCompileExec330379136.build/Objects-normal/x86_64/cmTryCompileExec330379136.LinkFileList] ==> ignore
    arg [-v] ==> ignore
    arg [-search_paths_first] ==> ignore
    arg [-headerpad_max_install_names] ==> ignore
    arg [-dependency_info] ==> ignore
    arg [/Users/ope/Desktop/lynx/proj/osx-xcode/CMakeFiles/CMakeTmp/CMAKE_TRY_COMPILE.build/Debug/cmTryCompileExec330379136.build/Objects-normal/x86_64/cmTryCompileExec330379136_dependency_info.dat] ==> ignore
    arg [-lc++] ==> lib [c++]
    arg [-lSystem] ==> lib [System]
    arg [/Applications/Xcode.app/Contents/Developer/Toolchains/XcodeDefault.xctoolchain/usr/bin/../lib/clang/6.0/lib/darwin/libclang_rt.osx.a] ==> lib [/Applications/Xcode.app/Contents/Developer/Toolchains/XcodeDefault.xctoolchain/usr/bin/../lib/clang/6.0/lib/darwin/libclang_rt.osx.a]
  Library search paths: [;/Users/ope/Desktop/lynx/proj/osx-xcode/CMakeFiles/CMakeTmp/Debug;/Applications/Xcode.app/Contents/Developer/Platforms/MacOSX.platform/Developer/SDKs/MacOSX10.10.sdk/usr/lib]
  Framework search paths: [;/Users/ope/Desktop/lynx/proj/osx-xcode/CMakeFiles/CMakeTmp/Debug;/Applications/Xcode.app/Contents/Developer/Platforms/MacOSX.platform/Developer/SDKs/MacOSX10.10.sdk/System/Library/Frameworks/]
  remove lib [System]
  collapse lib [/Applications/Xcode.app/Contents/Developer/Toolchains/XcodeDefault.xctoolchain/usr/bin/../lib/clang/6.0/lib/darwin/libclang_rt.osx.a] ==> [/Applications/Xcode.app/Contents/Developer/Toolchains/XcodeDefault.xctoolchain/usr/lib/clang/6.0/lib/darwin/libclang_rt.osx.a]
  collapse library dir [/Users/ope/Desktop/lynx/proj/osx-xcode/CMakeFiles/CMakeTmp/Debug] ==> [/Users/ope/Desktop/lynx/proj/osx-xcode/CMakeFiles/CMakeTmp/Debug], skipping non-system directory
  collapse library dir [/Applications/Xcode.app/Contents/Developer/Platforms/MacOSX.platform/Developer/SDKs/MacOSX10.10.sdk/usr/lib] ==> [/Applications/Xcode.app/Contents/Developer/Platforms/MacOSX.platform/Developer/SDKs/MacOSX10.10.sdk/usr/lib]
  collapse framework dir [/Users/ope/Desktop/lynx/proj/osx-xcode/CMakeFiles/CMakeTmp/Debug] ==> [/Users/ope/Desktop/lynx/proj/osx-xcode/CMakeFiles/CMakeTmp/Debug], skipping non-system directory
  collapse framework dir [/Applications/Xcode.app/Contents/Developer/Platforms/MacOSX.platform/Developer/SDKs/MacOSX10.10.sdk/System/Library/Frameworks/] ==> [/Applications/Xcode.app/Contents/Developer/Platforms/MacOSX.platform/Developer/SDKs/MacOSX10.10.sdk/System/Library/Frameworks]
  implicit libs: [c++;/Applications/Xcode.app/Contents/Developer/Toolchains/XcodeDefault.xctoolchain/usr/lib/clang/6.0/lib/darwin/libclang_rt.osx.a]
  implicit dirs: [/Applications/Xcode.app/Contents/Developer/Platforms/MacOSX.platform/Developer/SDKs/MacOSX10.10.sdk/usr/lib]
  implicit fwks: [/Applications/Xcode.app/Contents/Developer/Platforms/MacOSX.platform/Developer/SDKs/MacOSX10.10.sdk/System/Library/Frameworks]


